<?xml version="1.0" encoding="UTF-8"?>
<testsuite xmlns:xsi="http://www.w3.org/2001/XMLSchema-instance" xsi:noNamespaceSchemaLocation="https://maven.apache.org/surefire/maven-surefire-plugin/xsd/surefire-test-report-3.0.xsd" version="3.0" name="CourseTest" time="0.185" tests="56" errors="0" skipped="0" failures="0">
  <properties>
[...]
</properties>
  <testcase name="section_parsedCorrectly_alphabeticSection" classname="CourseTest" time="0.145"/>
  <testcase name="attributes_multipleAttributes_correctValues" classname="CourseTest" time="0.001"/>
  <testcase name="meetings_twoBlocks_firstBlockDay" classname="CourseTest" time="0"/>
  <testcase name="attributesAndDescriptions_sameLengthForEmptyAttributes" classname="CourseTest" time="0"/>
  <testcase name="section_parsedCorrectly_numericSection" classname="CourseTest" time="0.001"/>
  <testcase name="credits_parsedCorrectly_twoCredits" classname="CourseTest" time="0.001"/>
  <testcase name="meetings_twoBlocks_secondBlockDay" classname="CourseTest" time="0.001"/>
  <testcase name="attributes_singleAttribute_correctLength" classname="CourseTest" time="0"/>
  <testcase name="attributes_emptyAttribute_arrayHasOneEmptyEntry" classname="CourseTest" time="0"/>
  <testcase name="attributeDescriptions_singleDescription_correctValue" classname="CourseTest" time="0.001"/>
  <testcase name="department_parsedCorrectly_BIBL" classname="CourseTest" time="0"/>
  <testcase name="attributeDescriptions_honorsDescription_correctValue" classname="CourseTest" time="0"/>
  <testcase name="meetings_twoDaysInBlock_correctDayCount" classname="CourseTest" time="0.001"/>
  <testcase name="name_parsedCorrectly_differentCourse" classname="CourseTest" time="0"/>
  <testcase name="campus_parsedCorrectly_Wilf" classname="CourseTest" time="0"/>
  <testcase name="deptNumber_parsedCorrectly_multipleAttributes" classname="CourseTest" time="0.001"/>
  <testcase name="maxEnrolled_parsedCorrectly_thirtySeats" classname="CourseTest" time="0"/>
  <testcase name="name_parsedCorrectly_standardCourse" classname="CourseTest" time="0"/>
  <testcase name="attributes_singleAttribute_correctValue" classname="CourseTest" time="0.001"/>
  <testcase name="teacher_multipleNamePartsWithSemicolon" classname="CourseTest" time="0"/>
  <testcase name="enrolled_parsedCorrectly" classname="CourseTest" time="0"/>
  <testcase name="meetings_singleBlock_correctRoom" classname="CourseTest" time="0"/>
  <testcase name="meetings_singleBlock_correctBlockCount" classname="CourseTest" time="0"/>
  <testcase name="remainingWaitlist_parsedCorrectly_five" classname="CourseTest" time="0.001"/>
  <testcase name="section_parsedCorrectly_alphanumericSection" classname="CourseTest" time="0"/>
  <testcase name="remainingWaitlist_parsedCorrectly_ten" classname="CourseTest" time="0.001"/>
  <testcase name="attributes_honorsAttribute_correctValue" classname="CourseTest" time="0"/>
  <testcase name="meetings_twoBlocks_correctBlockCount" classname="CourseTest" time="0"/>
  <testcase name="meetings_twoBlocksEachWithTwoDays_secondBlockStartTime" classname="CourseTest" time="0.001"/>
  <testcase name="meetings_singleBlock_correctEndTime" classname="CourseTest" time="0"/>
  <testcase name="remainingEnrollment_parsedCorrectly_fullRemaining" classname="CourseTest" time="0.001"/>
  <testcase name="campus_parsedCorrectly_Beren" classname="CourseTest" time="0"/>
  <testcase name="teacher_parsedCorrectly_noSemicolon" classname="CourseTest" time="0.001"/>
  <testcase name="department_parsedCorrectly_ACC" classname="CourseTest" time="0"/>
  <testcase name="department_parsedCorrectly_ART" classname="CourseTest" time="0.001"/>
  <testcase name="deptNumber_parsedCorrectly_standardCourse" classname="CourseTest" time="0"/>
  <testcase name="credits_parsedCorrectly_threeCredits" classname="CourseTest" time="0"/>
  <testcase name="attributeDescriptions_multipleDescriptions_correctLength" classname="CourseTest" time="0"/>
  <testcase name="attributeDescriptions_emptyDescription_arrayHasOneEmptyEntry" classname="CourseTest" time="0"/>
  <testcase name="attributeDescriptions_multipleDescriptions_correctValues" classname="CourseTest" time="0"/>
  <testcase name="maxWaitlist_parsedCorrectly_ten" classname="CourseTest" time="0"/>
  <testcase name="waitlist_parsedCorrectly_zero" classname="CourseTest" time="0"/>
  <testcase name="crn_parsedCorrectly_honorsCourse" classname="CourseTest" time="0"/>
  <testcase name="crn_parsedCorrectly_berenCampus" classname="CourseTest" time="0"/>
  <testcase name="meetings_singleBlock_correctStartTime" classname="CourseTest" time="0"/>
  <testcase name="maxWaitlist_parsedCorrectly_zero" classname="CourseTest" time="0"/>
  <testcase name="attributesAndDescriptions_sameLengthForMultipleAttributes" classname="CourseTest" time="0"/>
  <testcase name="maxEnrolled_parsedCorrectly_fifteenSeats" classname="CourseTest" time="0"/>
  <testcase name="teacher_semicolonReplacedWithComma" classname="CourseTest" time="0"/>
  <testcase name="meetings_twoBlocksEachWithTwoDays_firstBlockHasTwoDays" classname="CourseTest" time="0"/>
  <testcase name="meetings_singleBlock_correctBuilding" classname="CourseTest" time="0.001"/>
  <testcase name="crn_parsedCorrectly_standardCourse" classname="CourseTest" time="0"/>
  <testcase name="name_parsedCorrectly_longName" classname="CourseTest" time="0.001"/>
  <testcase name="section_parsedCorrectly_multiLetterSection" classname="CourseTest" time="0"/>
  <testcase name="meetings_twoBlocksEachWithTwoDays_correctBlockCount" classname="CourseTest" time="0.001"/>
  <testcase name="attributes_multipleAttributes_correctLength" classname="CourseTest" time="0"/>
</testsuite>