<?xml version="1.0" encoding="UTF-8"?>
<testsuite xmlns:xsi="http://www.w3.org/2001/XMLSchema-instance" xsi:noNamespaceSchemaLocation="https://maven.apache.org/surefire/maven-surefire-plugin/xsd/surefire-test-report-3.0.xsd" version="3.0" name="UserTest" time="0.047" tests="24" errors="0" skipped="0" failures="0">
  <properties>
[...]
</properties>
  <testcase name="roundTrip_honorsPreserved" classname="UserTest" time="0.011"/>
  <testcase name="fileConstructor_setsCampusCorrectly" classname="UserTest" time="0.002"/>
  <testcase name="fileConstructor_completedCoursesNotNull" classname="UserTest" time="0.002"/>
  <testcase name="guestConstructor_nameIsGuest" classname="UserTest" time="0.001"/>
  <testcase name="guestConstructor_honorsIsFalse" classname="UserTest" time="0.001"/>
  <testcase name="fullConstructor_setsSchoolCorrectly" classname="UserTest" time="0.001"/>
  <testcase name="fileConstructor_completedCoursesEmptyWhenNoneInFile" classname="UserTest" time="0.001"/>
  <testcase name="roundTrip_schoolPreserved" classname="UserTest" time="0.001"/>
  <testcase name="fileConstructor_setsHonorsCorrectly" classname="UserTest" time="0.001"/>
  <testcase name="fullConstructor_setsNameCorrectly" classname="UserTest" time="0.001"/>
  <testcase name="guestConstructor_schoolIsNull" classname="UserTest" time="0.001"/>
  <testcase name="fullConstructor_completedCoursesEmptyWhenPassedEmptySet" classname="UserTest" time="0"/>
  <testcase name="roundTrip_completedCoursesEmptyWhenNoneAdded" classname="UserTest" time="0.001"/>
  <testcase name="fileConstructor_setsSchoolCorrectly" classname="UserTest" time="0.001"/>
  <testcase name="fullConstructor_setsCampusCorrectly" classname="UserTest" time="0.001"/>
  <testcase name="guestConstructor_completedCoursesIsEmpty" classname="UserTest" time="0"/>
  <testcase name="guestConstructor_completedCoursesNotNull" classname="UserTest" time="0"/>
  <testcase name="roundTrip_campusPreserved" classname="UserTest" time="0.001"/>
  <testcase name="fullConstructor_completedCoursesNotNull" classname="UserTest" time="0.001"/>
  <testcase name="fullConstructor_setsHonorsCorrectly" classname="UserTest" time="0.001"/>
  <testcase name="fileConstructor_setsHonorsFalseCorrectly" classname="UserTest" time="0.001"/>
  <testcase name="fileConstructor_setsNameCorrectly" classname="UserTest" time="0.001"/>
  <testcase name="guestConstructor_campusIsNull" classname="UserTest" time="0"/>
  <testcase name="roundTrip_namePreserved" classname="UserTest" time="0.001"/>
</testsuite>